[2019-12-13 01:14:30] Initializing...
FISCO-BCOS Version : 2.1.0
Build Time         : 20190923 13:22:09
Build Type         : Linux/clang/Release
Git Branch         : HEAD
Git Commit Hash    : cb68124d4fbf3df563a57dfff5f0c6eedc1419cc
[2019-12-13 01:14:30] The FISCO-BCOS is running...
[2019-12-13 01:21:40] FISCO-BCOS program exit normally.
[2019-12-13 01:21:41] Initializing...
FISCO-BCOS Version : 2.1.0
Build Time         : 20190923 13:22:09
Build Type         : Linux/clang/Release
Git Branch         : HEAD
Git Commit Hash    : cb68124d4fbf3df563a57dfff5f0c6eedc1419cc
[2019-12-13 01:21:41] The FISCO-BCOS is running...
[2019-12-13 13:49:27] Initializing...
FISCO-BCOS Version : 2.1.0
Build Time         : 20190923 13:22:09
Build Type         : Linux/clang/Release
Git Branch         : HEAD
Git Commit Hash    : cb68124d4fbf3df563a57dfff5f0c6eedc1419cc
[2019-12-13 13:49:27] The FISCO-BCOS is running...
